0 info it worked if it ends with ok
1 verbose cli [ 'C:\\Program Files\\nodejs\\node.exe',
1 verbose cli   'C:\\Users\\Charles Huang\\AppData\\Roaming\\npm\\node_modules\\npm\\bin\\npm-cli.js',
1 verbose cli   'install',
1 verbose cli   '--save',
1 verbose cli   'mongod@v2.2.24' ]
2 info using npm@3.8.0
3 info using node@v4.4.0
4 silly loadCurrentTree Starting
5 silly install loadCurrentTree
6 silly install readLocalPackageData
7 silly fetchPackageMetaData mongod@v2.2.24
8 silly fetchNamedPackageData mongod
9 silly mapToRegistry name mongod
10 silly mapToRegistry using default registry
11 silly mapToRegistry registry https://registry.npmjs.org/
12 silly mapToRegistry uri https://registry.npmjs.org/mongod
13 verbose request uri https://registry.npmjs.org/mongod
14 verbose request no auth needed
15 info attempt registry request try #1 at 10:53:34 PM
16 verbose request id c3d9648b270577af
17 verbose etag W/"587dd4b0-2a45"
18 verbose lastModified Tue, 17 Jan 2017 08:24:16 GMT
19 http request GET https://registry.npmjs.org/mongod
20 http 304 https://registry.npmjs.org/mongod
21 verbose headers { date: 'Mon, 06 Mar 2017 06:53:03 GMT',
21 verbose headers   via: '1.1 varnish',
21 verbose headers   'cache-control': 'max-age=300',
21 verbose headers   etag: 'W/"587dd4b0-2a45"',
21 verbose headers   age: '118',
21 verbose headers   connection: 'keep-alive',
21 verbose headers   'x-served-by': 'cache-sjc3635-SJC',
21 verbose headers   'x-cache': 'HIT',
21 verbose headers   'x-cache-hits': '1',
21 verbose headers   'x-timer': 'S1488783183.578858,VS0,VE0',
21 verbose headers   vary: 'Accept-Encoding' }
22 silly get cb [ 304,
22 silly get   { date: 'Mon, 06 Mar 2017 06:53:03 GMT',
22 silly get     via: '1.1 varnish',
22 silly get     'cache-control': 'max-age=300',
22 silly get     etag: 'W/"587dd4b0-2a45"',
22 silly get     age: '118',
22 silly get     connection: 'keep-alive',
22 silly get     'x-served-by': 'cache-sjc3635-SJC',
22 silly get     'x-cache': 'HIT',
22 silly get     'x-cache-hits': '1',
22 silly get     'x-timer': 'S1488783183.578858,VS0,VE0',
22 silly get     vary: 'Accept-Encoding' } ]
23 verbose etag https://registry.npmjs.org/mongod from cache
24 verbose get saving mongod to C:\Users\Charles Huang\AppData\Roaming\npm-cache\registry.npmjs.org\mongod\.cache.json
25 verbose correctMkdir C:\Users\Charles Huang\AppData\Roaming\npm-cache correctMkdir not in flight; initializing
26 silly fetchPackageMetaData Error: No compatible version found: mongod@v2.2.24
26 silly fetchPackageMetaData Valid install targets:
26 silly fetchPackageMetaData 2.0.0, 1.3.0, 1.2.0, 1.1.1, 1.1.0, 1.0.0
26 silly fetchPackageMetaData
26 silly fetchPackageMetaData     at pickVersionFromRegistryDocument (C:\Users\Charles Huang\AppData\Roaming\npm\node_modules\npm\lib\fetch-package-metadata.js:156:16)
26 silly fetchPackageMetaData     at C:\Users\Charles Huang\AppData\Roaming\npm\node_modules\npm\node_modules\iferr\index.js:13:50
26 silly fetchPackageMetaData     at C:\Users\Charles Huang\AppData\Roaming\npm\node_modules\npm\lib\utils\pulse-till-done.js:19:8
26 silly fetchPackageMetaData     at saved (C:\Users\Charles Huang\AppData\Roaming\npm\node_modules\npm\lib\cache\caching-client.js:168:7)
26 silly fetchPackageMetaData     at C:\Users\Charles Huang\AppData\Roaming\npm\node_modules\npm\node_modules\graceful-fs\polyfills.js:210:7
26 silly fetchPackageMetaData     at FSReqWrap.oncomplete (fs.js:82:15)
26 silly fetchPackageMetaData  error for mongod@v2.2.24 [Error: No compatible version found: mongod@v2.2.24
26 silly fetchPackageMetaData Valid install targets:
26 silly fetchPackageMetaData 2.0.0, 1.3.0, 1.2.0, 1.1.1, 1.1.0, 1.0.0
26 silly fetchPackageMetaData ]
27 silly rollbackFailedOptional Starting
28 silly rollbackFailedOptional Finishing
29 silly runTopLevelLifecycles Starting
30 silly runTopLevelLifecycles Finishing
31 silly install printInstalled
32 verbose stack Error: No compatible version found: mongod@v2.2.24
32 verbose stack Valid install targets:
32 verbose stack 2.0.0, 1.3.0, 1.2.0, 1.1.1, 1.1.0, 1.0.0
32 verbose stack
32 verbose stack     at pickVersionFromRegistryDocument (C:\Users\Charles Huang\AppData\Roaming\npm\node_modules\npm\lib\fetch-package-metadata.js:156:16)
32 verbose stack     at C:\Users\Charles Huang\AppData\Roaming\npm\node_modules\npm\node_modules\iferr\index.js:13:50
32 verbose stack     at C:\Users\Charles Huang\AppData\Roaming\npm\node_modules\npm\lib\utils\pulse-till-done.js:19:8
32 verbose stack     at saved (C:\Users\Charles Huang\AppData\Roaming\npm\node_modules\npm\lib\cache\caching-client.js:168:7)
32 verbose stack     at C:\Users\Charles Huang\AppData\Roaming\npm\node_modules\npm\node_modules\graceful-fs\polyfills.js:210:7
32 verbose stack     at FSReqWrap.oncomplete (fs.js:82:15)
33 verbose cwd C:\users\charles huang\documents\visual studio 2015\Projects\MyNodeApp\MyNodeApp
34 error Windows_NT 10.0.14393
35 error argv "C:\\Program Files\\nodejs\\node.exe" "C:\\Users\\Charles Huang\\AppData\\Roaming\\npm\\node_modules\\npm\\bin\\npm-cli.js" "install" "--save" "mongod@v2.2.24"
36 error node v4.4.0
37 error npm  v3.8.0
38 error No compatible version found: mongod@v2.2.24
38 error Valid install targets:
38 error 2.0.0, 1.3.0, 1.2.0, 1.1.1, 1.1.0, 1.0.0
39 error If you need help, you may report this error at:
39 error     <https://github.com/npm/npm/issues>
40 verbose exit [ 1, true ]
